(0000) 3000  0011000000000000 (   5)                 .ORIG x3000
(3000) 2641  0010011001000001 (   6)                 LD    R3 NEGENTER
(3001) 283F  0010100000111111 (   7)                 LD    R4 DECIDER
(3002) E040  1110000001000000 (  10)                 LEA   R0 PROMPT
(3003) F022  1111000000100010 (  11)                 TRAP  x22
(3004) F020  1111000000100000 (  12)                 TRAP  x20
(3005) F021  1111000000100001 (  13)                 TRAP  x21
(3006) B095  1011000010010101 (  14)                 STI   R0 DECISION
(3007) E056  1110000001010110 (  17)                 LEA   R0 KEY
(3008) F022  1111000000100010 (  18)                 TRAP  x22
(3009) F020  1111000000100000 (  19)                 TRAP  x20
(300A) F021  1111000000100001 (  20)                 TRAP  x21
(300B) B091  1011000010010001 (  21)                 STI   R0 CYPHERKEY
(300C) E06E  1110000001101110 (  24)                 LEA   R0 MESSAGEPROMPT
(300D) F022  1111000000100010 (  25)                 TRAP  x22
(300E) 228F  0010001010001111 (  26)                 LD    R1 INPUT
(300F) F020  1111000000100000 (  27) USERIN          TRAP  x20
(3010) F021  1111000000100001 (  28)                 TRAP  x21
(3011) 1403  0001010000000011 (  29)                 ADD   R2 R0 R3
(3012) 0403  0000010000000011 (  30)                 BRZ   DECIDE
(3013) 7040  0111000001000000 (  31)                 STR   R0 R1 #0
(3014) 1261  0001001001100001 (  32)                 ADD   R1 R1 #1
(3015) 0FF9  0000111111111001 (  33)                 BRNZP USERIN
(3016) AA85  1010101010000101 (  36) DECIDE          LDI   R5 DECISION
(3017) 1B44  0001101101000100 (  37)                 ADD   R5 R5 R4
(3018) 040E  0000010000001110 (  38)                 BRZ   DEC
(3019) 0200  0000001000000000 (  39)                 BRP   ENC
(301A) 2283  0010001010000011 (  42) ENC             LD    R1 INPUT
(301B) 2683  0010011010000011 (  43)                 LD    R3 RESULT
(301C) 2823  0010100000100011 (  44)                 LD    R4 VALUE
(301D) 6440  0110010001000000 (  45) ENC2            LDR   R2 R1 #0
(301E) 041E  0000010000011110 (  46)                 BRZ   PRINT
(301F) 4816  0100100000010110 (  47)                 JSR   TOGGLE
(3020) AC7C  1010110001111100 (  48)                 LDI   R6 CYPHERKEY
(3021) 1D84  0001110110000100 (  49)                 ADD   R6 R6 R4
(3022) 1486  0001010010000110 (  50)                 ADD   R2 R2 R6
(3023) 74C0  0111010011000000 (  51)                 STR   R2 R3 #0
(3024) 1261  0001001001100001 (  52)                 ADD   R1 R1 #1
(3025) 16E1  0001011011100001 (  53)                 ADD   R3 R3 #1
(3026) 0FF6  0000111111110110 (  54)                 BRNZP ENC2
(3027) 2276  0010001001110110 (  57) DEC             LD    R1 INPUT
(3028) 2676  0010011001110110 (  58)                 LD    R3 RESULT
(3029) 2816  0010100000010110 (  59)                 LD    R4 VALUE
(302A) 6440  0110010001000000 (  60) DEC2            LDR   R2 R1 #0
(302B) 0411  0000010000010001 (  61)                 BRZ   PRINT
(302C) AC70  1010110001110000 (  62)                 LDI   R6 CYPHERKEY
(302D) 1D84  0001110110000100 (  63)                 ADD   R6 R6 R4
(302E) 9DBF  1001110110111111 (  64)                 NOT   R6 R6
(302F) 1DA1  0001110110100001 (  65)                 ADD   R6 R6 #1
(3030) 1486  0001010010000110 (  66)                 ADD   R2 R2 R6
(3031) 4804  0100100000000100 (  67)                 JSR   TOGGLE
(3032) 74C0  0111010011000000 (  68)                 STR   R2 R3 #0
(3033) 1261  0001001001100001 (  69)                 ADD   R1 R1 #1
(3034) 16E1  0001011011100001 (  70)                 ADD   R3 R3 #1
(3035) 0FF4  0000111111110100 (  71)                 BRNZP DEC2
(3036) 5AA1  0101101010100001 (  74) TOGGLE          AND   R5 R2 #1
(3037) 0201  0000001000000001 (  75)                 BRP   MINUS1
(3038) 0402  0000010000000010 (  76)                 BRZ   PLUS1
(3039) 14BF  0001010010111111 (  78) MINUS1          ADD   R2 R2 #-1
(303A) C1C0  1100000111000000 (  79)                 RET   
(303B) 14A1  0001010010100001 (  81) PLUS1           ADD   R2 R2 #1
(303C) C1C0  1100000111000000 (  82)                 RET   
(303D) 2061  0010000001100001 (  85) PRINT           LD    R0 RESULT
(303E) F022  1111000000100010 (  86)                 TRAP  x22
(303F) F025  1111000000100101 (  87)                 TRAP  x25
(3040) FFD0  1111111111010000 (  89) VALUE           .FILL xFFD0
(3041) FFBC  1111111110111100 (  90) DECIDER         .FILL xFFBC
(3042) FFF6  1111111111110110 (  91) NEGENTER        .FILL xFFF6
(3043) 0054  0000000001010100 (  93) PROMPT          .FILL x0054
(3044) 0079  0000000001111001 (  93)                 .FILL x0079
(3045) 0070  0000000001110000 (  93)                 .FILL x0070
(3046) 0065  0000000001100101 (  93)                 .FILL x0065
(3047) 0020  0000000000100000 (  93)                 .FILL x0020
(3048) 0028  0000000000101000 (  93)                 .FILL x0028
(3049) 0045  0000000001000101 (  93)                 .FILL x0045
(304A) 0029  0000000000101001 (  93)                 .FILL x0029
(304B) 006E  0000000001101110 (  93)                 .FILL x006E
(304C) 0063  0000000001100011 (  93)                 .FILL x0063
(304D) 0072  0000000001110010 (  93)                 .FILL x0072
(304E) 0079  0000000001111001 (  93)                 .FILL x0079
(304F) 0070  0000000001110000 (  93)                 .FILL x0070
(3050) 0074  0000000001110100 (  93)                 .FILL x0074
(3051) 002F  0000000000101111 (  93)                 .FILL x002F
(3052) 0028  0000000000101000 (  93)                 .FILL x0028
(3053) 0044  0000000001000100 (  93)                 .FILL x0044
(3054) 0029  0000000000101001 (  93)                 .FILL x0029
(3055) 0065  0000000001100101 (  93)                 .FILL x0065
(3056) 0063  0000000001100011 (  93)                 .FILL x0063
(3057) 0072  0000000001110010 (  93)                 .FILL x0072
(3058) 0079  0000000001111001 (  93)                 .FILL x0079
(3059) 0070  0000000001110000 (  93)                 .FILL x0070
(305A) 0074  0000000001110100 (  93)                 .FILL x0074
(305B) 003A  0000000000111010 (  93)                 .FILL x003A
(305C) 0020  0000000000100000 (  93)                 .FILL x0020
(305D) 0000  0000000000000000 (  93)                 .FILL x0000
(305E) 000A  0000000000001010 (  94) KEY             .FILL x000A
(305F) 0045  0000000001000101 (  94)                 .FILL x0045
(3060) 006E  0000000001101110 (  94)                 .FILL x006E
(3061) 0074  0000000001110100 (  94)                 .FILL x0074
(3062) 0065  0000000001100101 (  94)                 .FILL x0065
(3063) 0072  0000000001110010 (  94)                 .FILL x0072
(3064) 0020  0000000000100000 (  94)                 .FILL x0020
(3065) 0065  0000000001100101 (  94)                 .FILL x0065
(3066) 006E  0000000001101110 (  94)                 .FILL x006E
(3067) 0063  0000000001100011 (  94)                 .FILL x0063
(3068) 0072  0000000001110010 (  94)                 .FILL x0072
(3069) 0079  0000000001111001 (  94)                 .FILL x0079
(306A) 0070  0000000001110000 (  94)                 .FILL x0070
(306B) 0074  0000000001110100 (  94)                 .FILL x0074
(306C) 0069  0000000001101001 (  94)                 .FILL x0069
(306D) 006F  0000000001101111 (  94)                 .FILL x006F
(306E) 006E  0000000001101110 (  94)                 .FILL x006E
(306F) 0020  0000000000100000 (  94)                 .FILL x0020
(3070) 006B  0000000001101011 (  94)                 .FILL x006B
(3071) 0065  0000000001100101 (  94)                 .FILL x0065
(3072) 0079  0000000001111001 (  94)                 .FILL x0079
(3073) 0028  0000000000101000 (  94)                 .FILL x0028
(3074) 0031  0000000000110001 (  94)                 .FILL x0031
(3075) 002D  0000000000101101 (  94)                 .FILL x002D
(3076) 0039  0000000000111001 (  94)                 .FILL x0039
(3077) 0029  0000000000101001 (  94)                 .FILL x0029
(3078) 003A  0000000000111010 (  94)                 .FILL x003A
(3079) 0020  0000000000100000 (  94)                 .FILL x0020
(307A) 0000  0000000000000000 (  94)                 .FILL x0000
(307B) 000A  0000000000001010 (  95) MESSAGEPROMPT   .FILL x000A
(307C) 0045  0000000001000101 (  95)                 .FILL x0045
(307D) 006E  0000000001101110 (  95)                 .FILL x006E
(307E) 0074  0000000001110100 (  95)                 .FILL x0074
(307F) 0065  0000000001100101 (  95)                 .FILL x0065
(3080) 0072  0000000001110010 (  95)                 .FILL x0072
(3081) 0020  0000000000100000 (  95)                 .FILL x0020
(3082) 006D  0000000001101101 (  95)                 .FILL x006D
(3083) 0065  0000000001100101 (  95)                 .FILL x0065
(3084) 0073  0000000001110011 (  95)                 .FILL x0073
(3085) 0073  0000000001110011 (  95)                 .FILL x0073
(3086) 0061  0000000001100001 (  95)                 .FILL x0061
(3087) 0067  0000000001100111 (  95)                 .FILL x0067
(3088) 0065  0000000001100101 (  95)                 .FILL x0065
(3089) 0020  0000000000100000 (  95)                 .FILL x0020
(308A) 0028  0000000000101000 (  95)                 .FILL x0028
(308B) 0032  0000000000110010 (  95)                 .FILL x0032
(308C) 0030  0000000000110000 (  95)                 .FILL x0030
(308D) 0020  0000000000100000 (  95)                 .FILL x0020
(308E) 0063  0000000001100011 (  95)                 .FILL x0063
(308F) 0068  0000000001101000 (  95)                 .FILL x0068
(3090) 0061  0000000001100001 (  95)                 .FILL x0061
(3091) 0072  0000000001110010 (  95)                 .FILL x0072
(3092) 0020  0000000000100000 (  95)                 .FILL x0020
(3093) 006C  0000000001101100 (  95)                 .FILL x006C
(3094) 0069  0000000001101001 (  95)                 .FILL x0069
(3095) 006D  0000000001101101 (  95)                 .FILL x006D
(3096) 0069  0000000001101001 (  95)                 .FILL x0069
(3097) 0074  0000000001110100 (  95)                 .FILL x0074
(3098) 0029  0000000000101001 (  95)                 .FILL x0029
(3099) 003A  0000000000111010 (  95)                 .FILL x003A
(309A) 0020  0000000000100000 (  95)                 .FILL x0020
(309B) 0000  0000000000000000 (  95)                 .FILL x0000
(309C) 3100  0011000100000000 (  97) DECISION        .FILL x3100
(309D) 3101  0011000100000001 (  98) CYPHERKEY       .FILL x3101
(309E) 3102  0011000100000010 (  99) INPUT           .FILL x3102
(309F) 3117  0011000100010111 ( 100) RESULT          .FILL x3117
